<?xml version="1.0" encoding="UTF-8"?>
<!-- Generated by org.testng.reporters.JUnitReportReporter -->
<testsuite hostname="DESKTOP-I21FJK1" failures="0" tests="1" name="Ashu2.TC0055" time="10.579" errors="0" timestamp="24 Sep 2022 06:10:58 GMT">
  <testcase classname="Ashu2.TC0055" name="tc001" time="10.579"/>
</testsuite> <!-- Ashu2.TC0055 -->
